nohup: ignoring input
Running from: /root/jenkins/jenkins.war
webroot: /root/.jenkins/war
2025-06-27 10:08:15.392+0000 [id=1]	INFO	winstone.Logger#logInternal: Beginning extraction from war file
2025-06-27 10:08:15.555+0000 [id=1]	WARNING	o.e.j.ee9.nested.ContextHandler#setContextPath: Empty contextPath
2025-06-27 10:08:15.711+0000 [id=1]	INFO	org.eclipse.jetty.server.Server#doStart: jetty-12.0.22; built: 2025-06-02T15:25:31.946Z; git: 335c9ab44a5591f0ea941bf350e139b8c4f5537c; jvm 17.0.15+6-LTS
2025-06-27 10:08:16.881+0000 [id=1]	INFO	o.e.j.e.w.StandardDescriptorProcessor#visitServlet: NO JSP Support for /, did not find org.eclipse.jetty.ee9.jsp.JettyJspServlet
2025-06-27 10:08:16.986+0000 [id=1]	INFO	o.e.j.s.DefaultSessionIdManager#doStart: Session workerName=node0
2025-06-27 10:08:18.388+0000 [id=1]	INFO	hudson.WebAppMain#contextInitialized: Jenkins home directory: /root/.jenkins found at: $user.home/.jenkins
2025-06-27 10:08:18.678+0000 [id=1]	INFO	o.e.j.s.handler.ContextHandler#doStart: Started oeje9n.ContextHandler$CoreContextHandler@610db97e{Jenkins v2.504.3,/,b=file:///root/.jenkins/war/,a=AVAILABLE,h=oeje9n.ContextHandler$CoreContextHandler$CoreToNestedHandler@6f0628de{STARTED}}
2025-06-27 10:08:18.727+0000 [id=1]	INFO	o.e.j.server.AbstractConnector#doStart: Started ServerConnector@10ad20cb{HTTP/1.1, (http/1.1)}{0.0.0.0:8080}
2025-06-27 10:08:18.758+0000 [id=1]	INFO	org.eclipse.jetty.server.Server#doStart: Started oejs.Server@72f926e6{STARTING}[12.0.22,sto=0] @4830ms
2025-06-27 10:08:18.768+0000 [id=24]	INFO	winstone.Logger#logInternal: Winstone Servlet Engine running: controlPort=disabled
2025-06-27 10:08:19.244+0000 [id=23]	INFO	jenkins.model.Jenkins#<init>: Starting version 2.504.3
2025-06-27 10:08:19.505+0000 [id=30]	INFO	jenkins.InitReactorRunner$1#onAttained: Started initialization
2025-06-27 10:08:19.630+0000 [id=30]	INFO	jenkins.InitReactorRunner$1#onAttained: Listed all plugins
2025-06-27 10:08:21.777+0000 [id=30]	INFO	jenkins.InitReactorRunner$1#onAttained: Prepared all plugins
2025-06-27 10:08:21.782+0000 [id=30]	INFO	jenkins.InitReactorRunner$1#onAttained: Started all plugins
2025-06-27 10:08:21.845+0000 [id=30]	INFO	jenkins.InitReactorRunner$1#onAttained: Augmented all extensions
2025-06-27 10:08:22.484+0000 [id=31]	INFO	jenkins.InitReactorRunner$1#onAttained: System config loaded
2025-06-27 10:08:22.484+0000 [id=31]	INFO	jenkins.InitReactorRunner$1#onAttained: System config adapted
2025-06-27 10:08:22.485+0000 [id=31]	INFO	jenkins.InitReactorRunner$1#onAttained: Loaded all jobs
2025-06-27 10:08:22.486+0000 [id=31]	INFO	jenkins.InitReactorRunner$1#onAttained: Configuration for all jobs updated
2025-06-27 10:08:22.667+0000 [id=30]	INFO	jenkins.install.SetupWizard#init: 

*************************************************************
*************************************************************
*************************************************************

Jenkins initial setup is required. An admin user has been created and a password generated.
Please use the following password to proceed to installation:

b04eac2271b945f1875c2bdf06396bed

This may also be found at: /root/.jenkins/secrets/initialAdminPassword

*************************************************************
*************************************************************
*************************************************************

2025-06-27 10:08:32.405+0000 [id=31]	INFO	jenkins.InitReactorRunner$1#onAttained: Completed initialization
2025-06-27 10:08:32.431+0000 [id=23]	INFO	hudson.lifecycle.Lifecycle#onReady: Jenkins is fully up and running
2025-06-27 10:09:59.130+0000 [id=18]	INFO	hudson.PluginManager#install: Starting installation of a batch of 20 plugins plus their dependencies
2025-06-27 10:09:59.135+0000 [id=18]	INFO	hudson.model.UpdateSite$Plugin#deploy: Adding dependent install of ionicons-api for plugin cloudbees-folder
2025-06-27 10:09:59.136+0000 [id=18]	INFO	hudson.model.UpdateSite$Plugin#deploy: Adding dependent install of json-path-api for plugin build-timeout
2025-06-27 10:09:59.136+0000 [id=18]	INFO	hudson.model.UpdateSite$Plugin#deploy: Adding dependent install of asm-api for plugin json-path-api
2025-06-27 10:09:59.137+0000 [id=18]	INFO	hudson.model.UpdateSite$Plugin#deploy: Adding dependent install of token-macro for plugin build-timeout
2025-06-27 10:09:59.137+0000 [id=18]	INFO	hudson.model.UpdateSite$Plugin#deploy: Adding dependent install of structs for plugin token-macro
2025-06-27 10:09:59.137+0000 [id=18]	INFO	hudson.model.UpdateSite$Plugin#deploy: Adding dependent install of workflow-step-api for plugin token-macro
2025-06-27 10:09:59.138+0000 [id=18]	INFO	hudson.model.UpdateSite$Plugin#deploy: Adding dependent install of plain-credentials for plugin credentials-binding
2025-06-27 10:09:59.138+0000 [id=18]	INFO	hudson.model.UpdateSite$Plugin#deploy: Adding dependent install of credentials for plugin plain-credentials
2025-06-27 10:09:59.139+0000 [id=18]	INFO	hudson.model.UpdateSite$Plugin#deploy: Adding dependent install of bouncycastle-api for plugin credentials
2025-06-27 10:09:59.139+0000 [id=18]	INFO	hudson.model.UpdateSite$Plugin#deploy: Adding dependent install of ssh-credentials for plugin credentials-binding
2025-06-27 10:09:59.139+0000 [id=18]	INFO	hudson.model.UpdateSite$Plugin#deploy: Adding dependent install of variant for plugin ssh-credentials
2025-06-27 10:09:59.148+0000 [id=18]	INFO	hudson.model.UpdateSite$Plugin#deploy: Adding dependent install of workflow-api for plugin timestamper
2025-06-27 10:09:59.149+0000 [id=18]	INFO	hudson.model.UpdateSite$Plugin#deploy: Adding dependent install of scm-api for plugin workflow-api
2025-06-27 10:09:59.149+0000 [id=18]	INFO	hudson.model.UpdateSite$Plugin#deploy: Adding dependent install of commons-lang3-api for plugin timestamper
2025-06-27 10:09:59.150+0000 [id=18]	INFO	hudson.model.UpdateSite$Plugin#deploy: Adding dependent install of matrix-project for plugin ws-cleanup
2025-06-27 10:09:59.150+0000 [id=18]	INFO	hudson.model.UpdateSite$Plugin#deploy: Adding dependent install of script-security for plugin matrix-project
2025-06-27 10:09:59.150+0000 [id=18]	INFO	hudson.model.UpdateSite$Plugin#deploy: Adding dependent install of caffeine-api for plugin script-security
2025-06-27 10:09:59.150+0000 [id=18]	INFO	hudson.model.UpdateSite$Plugin#deploy: Adding dependent install of junit for plugin matrix-project
2025-06-27 10:09:59.151+0000 [id=18]	INFO	hudson.model.UpdateSite$Plugin#deploy: Adding dependent install of jackson2-api for plugin junit
2025-06-27 10:09:59.148+0000 [id=70]	INFO	h.model.UpdateCenter$DownloadJob#run: Starting the installation of ionicons-api on behalf of admin
2025-06-27 10:09:59.164+0000 [id=18]	INFO	hudson.model.UpdateSite$Plugin#deploy: Adding dependent install of jaxb for plugin jackson2-api
2025-06-27 10:09:59.170+0000 [id=70]	INFO	h.m.UpdateCenter$UpdateCenterConfiguration#download: Downloading ionicons-api
2025-06-27 10:09:59.171+0000 [id=18]	INFO	hudson.model.UpdateSite$Plugin#deploy: Adding dependent install of javax-activation-api for plugin jaxb
2025-06-27 10:09:59.172+0000 [id=18]	INFO	hudson.model.UpdateSite$Plugin#deploy: Adding dependent install of snakeyaml-api for plugin jackson2-api
2025-06-27 10:09:59.172+0000 [id=18]	INFO	hudson.model.UpdateSite$Plugin#deploy: Adding dependent install of json-api for plugin jackson2-api
2025-06-27 10:09:59.172+0000 [id=18]	INFO	hudson.model.UpdateSite$Plugin#deploy: Adding dependent install of bootstrap5-api for plugin junit
2025-06-27 10:09:59.172+0000 [id=18]	INFO	hudson.model.UpdateSite$Plugin#deploy: Adding dependent install of font-awesome-api for plugin bootstrap5-api
2025-06-27 10:09:59.173+0000 [id=18]	INFO	hudson.model.UpdateSite$Plugin#deploy: Adding dependent install of commons-text-api for plugin font-awesome-api
2025-06-27 10:09:59.173+0000 [id=18]	INFO	hudson.model.UpdateSite$Plugin#deploy: Adding dependent install of plugin-util-api for plugin font-awesome-api
2025-06-27 10:09:59.174+0000 [id=18]	INFO	hudson.model.UpdateSite$Plugin#deploy: Adding dependent install of workflow-support for plugin plugin-util-api
2025-06-27 10:09:59.174+0000 [id=18]	INFO	hudson.model.UpdateSite$Plugin#deploy: Adding dependent install of echarts-api for plugin junit
2025-06-27 10:09:59.175+0000 [id=18]	INFO	hudson.model.UpdateSite$Plugin#deploy: Adding dependent install of jquery3-api for plugin echarts-api
2025-06-27 10:09:59.175+0000 [id=18]	INFO	hudson.model.UpdateSite$Plugin#deploy: Adding dependent install of display-url-api for plugin junit
2025-06-27 10:09:59.175+0000 [id=18]	INFO	hudson.model.UpdateSite$Plugin#deploy: Adding dependent install of checks-api for plugin junit
2025-06-27 10:09:59.184+0000 [id=18]	INFO	hudson.model.UpdateSite$Plugin#deploy: Adding dependent install of resource-disposer for plugin ws-cleanup
2025-06-27 10:09:59.185+0000 [id=18]	INFO	hudson.model.UpdateSite$Plugin#deploy: Adding dependent install of okhttp-api for plugin gradle
2025-06-27 10:09:59.185+0000 [id=18]	INFO	hudson.model.UpdateSite$Plugin#deploy: Adding dependent install of workflow-durable-task-step for plugin gradle
2025-06-27 10:09:59.186+0000 [id=18]	INFO	hudson.model.UpdateSite$Plugin#deploy: Adding dependent install of durable-task for plugin workflow-durable-task-step
2025-06-27 10:09:59.186+0000 [id=18]	INFO	hudson.model.UpdateSite$Plugin#deploy: Adding dependent install of workflow-cps for plugin gradle
2025-06-27 10:09:59.186+0000 [id=18]	INFO	hudson.model.UpdateSite$Plugin#deploy: Adding dependent install of workflow-scm-step for plugin workflow-cps
2025-06-27 10:09:59.187+0000 [id=18]	INFO	hudson.model.UpdateSite$Plugin#deploy: Adding dependent install of workflow-job for plugin gradle
2025-06-27 10:09:59.187+0000 [id=18]	INFO	hudson.model.UpdateSite$Plugin#deploy: Adding dependent install of workflow-basic-steps for plugin gradle
2025-06-27 10:09:59.196+0000 [id=18]	INFO	hudson.model.UpdateSite$Plugin#deploy: Adding dependent install of jakarta-mail-api for plugin workflow-basic-steps
2025-06-27 10:09:59.196+0000 [id=18]	INFO	hudson.model.UpdateSite$Plugin#deploy: Adding dependent install of jakarta-activation-api for plugin jakarta-mail-api
2025-06-27 10:09:59.196+0000 [id=18]	INFO	hudson.model.UpdateSite$Plugin#deploy: Adding dependent install of apache-httpcomponents-client-4-api for plugin workflow-basic-steps
2025-06-27 10:09:59.197+0000 [id=18]	INFO	hudson.model.UpdateSite$Plugin#deploy: Adding dependent install of mailer for plugin workflow-basic-steps
2025-06-27 10:09:59.197+0000 [id=18]	INFO	hudson.model.UpdateSite$Plugin#deploy: Adding dependent install of instance-identity for plugin mailer
2025-06-27 10:09:59.198+0000 [id=18]	INFO	hudson.model.UpdateSite$Plugin#deploy: Adding dependent install of pipeline-milestone-step for plugin workflow-aggregator
2025-06-27 10:09:59.198+0000 [id=18]	INFO	hudson.model.UpdateSite$Plugin#deploy: Adding dependent install of pipeline-build-step for plugin workflow-aggregator
2025-06-27 10:09:59.199+0000 [id=18]	INFO	hudson.model.UpdateSite$Plugin#deploy: Adding dependent install of pipeline-groovy-lib for plugin workflow-aggregator
2025-06-27 10:09:59.199+0000 [id=18]	INFO	hudson.model.UpdateSite$Plugin#deploy: Adding dependent install of pipeline-model-definition for plugin workflow-aggregator
2025-06-27 10:09:59.208+0000 [id=18]	INFO	hudson.model.UpdateSite$Plugin#deploy: Adding dependent install of pipeline-model-extensions for plugin pipeline-model-definition
2025-06-27 10:09:59.208+0000 [id=18]	INFO	hudson.model.UpdateSite$Plugin#deploy: Adding dependent install of pipeline-stage-step for plugin pipeline-model-extensions
2025-06-27 10:09:59.209+0000 [id=18]	INFO	hudson.model.UpdateSite$Plugin#deploy: Adding dependent install of pipeline-model-api for plugin pipeline-model-extensions
2025-06-27 10:09:59.209+0000 [id=18]	INFO	hudson.model.UpdateSite$Plugin#deploy: Adding dependent install of joda-time-api for plugin pipeline-model-api
2025-06-27 10:09:59.209+0000 [id=18]	INFO	hudson.model.UpdateSite$Plugin#deploy: Adding dependent install of workflow-multibranch for plugin pipeline-model-definition
2025-06-27 10:09:59.210+0000 [id=18]	INFO	hudson.model.UpdateSite$Plugin#deploy: Adding dependent install of branch-api for plugin workflow-multibranch
2025-06-27 10:09:59.210+0000 [id=18]	INFO	hudson.model.UpdateSite$Plugin#deploy: Adding dependent install of pipeline-stage-tags-metadata for plugin pipeline-model-definition
2025-06-27 10:09:59.211+0000 [id=18]	INFO	hudson.model.UpdateSite$Plugin#deploy: Adding dependent install of pipeline-input-step for plugin pipeline-model-definition
2025-06-27 10:09:59.211+0000 [id=18]	INFO	hudson.model.UpdateSite$Plugin#deploy: Adding dependent install of jjwt-api for plugin github-branch-source
2025-06-27 10:09:59.220+0000 [id=18]	INFO	hudson.model.UpdateSite$Plugin#deploy: Adding dependent install of github-api for plugin github-branch-source
2025-06-27 10:09:59.220+0000 [id=18]	INFO	hudson.model.UpdateSite$Plugin#deploy: Adding dependent install of github for plugin github-branch-source
2025-06-27 10:09:59.221+0000 [id=18]	INFO	hudson.model.UpdateSite$Plugin#deploy: Adding dependent install of git for plugin github
2025-06-27 10:09:59.221+0000 [id=18]	INFO	hudson.model.UpdateSite$Plugin#deploy: Adding dependent install of git-client for plugin git
2025-06-27 10:09:59.222+0000 [id=18]	INFO	hudson.model.UpdateSite$Plugin#deploy: Adding dependent install of mina-sshd-api-core for plugin git-client
2025-06-27 10:09:59.222+0000 [id=18]	INFO	hudson.model.UpdateSite$Plugin#deploy: Adding dependent install of mina-sshd-api-common for plugin mina-sshd-api-core
2025-06-27 10:09:59.222+0000 [id=18]	INFO	hudson.model.UpdateSite$Plugin#deploy: Adding dependent install of gson-api for plugin git-client
2025-06-27 10:09:59.232+0000 [id=18]	INFO	hudson.model.UpdateSite$Plugin#deploy: Adding dependent install of metrics for plugin pipeline-graph-view
2025-06-27 10:09:59.233+0000 [id=18]	INFO	hudson.model.UpdateSite$Plugin#deploy: Adding dependent install of trilead-api for plugin ssh-slaves
2025-06-27 10:09:59.233+0000 [id=18]	INFO	hudson.model.UpdateSite$Plugin#deploy: Adding dependent install of eddsa-api for plugin trilead-api
2025-06-27 10:09:59.234+0000 [id=18]	INFO	hudson.model.UpdateSite$Plugin#deploy: Adding dependent install of jsoup for plugin email-ext
2025-06-27 10:09:59.235+0000 [id=18]	INFO	hudson.model.UpdateSite$Plugin#deploy: Adding dependent install of theme-manager for plugin dark-theme
2025-06-27 10:10:00.764+0000 [id=70]	INFO	h.model.UpdateCenter$DownloadJob#run: Installation successful: ionicons-api
2025-06-27 10:10:00.764+0000 [id=70]	INFO	h.model.UpdateCenter$DownloadJob#run: Starting the installation of cloudbees-folder on behalf of admin
2025-06-27 10:10:00.769+0000 [id=70]	INFO	h.m.UpdateCenter$UpdateCenterConfiguration#download: Downloading cloudbees-folder
2025-06-27 10:10:02.283+0000 [id=70]	INFO	h.model.UpdateCenter$DownloadJob#run: Installation successful: cloudbees-folder
2025-06-27 10:10:02.283+0000 [id=70]	INFO	h.model.UpdateCenter$DownloadJob#run: Starting the installation of antisamy-markup-formatter on behalf of admin
2025-06-27 10:10:02.321+0000 [id=70]	INFO	h.model.UpdateCenter$DownloadJob#run: Installation successful: antisamy-markup-formatter
2025-06-27 10:10:02.321+0000 [id=70]	INFO	h.model.UpdateCenter$DownloadJob#run: Starting the installation of asm-api on behalf of admin
2025-06-27 10:10:02.331+0000 [id=70]	INFO	h.m.UpdateCenter$UpdateCenterConfiguration#download: Downloading asm-api
2025-06-27 10:10:03.709+0000 [id=70]	INFO	h.model.UpdateCenter$DownloadJob#run: Installation successful: asm-api
2025-06-27 10:10:03.710+0000 [id=70]	INFO	h.model.UpdateCenter$DownloadJob#run: Starting the installation of json-path-api on behalf of admin
2025-06-27 10:10:03.710+0000 [id=70]	INFO	h.m.UpdateCenter$UpdateCenterConfiguration#download: Downloading json-path-api
2025-06-27 10:10:05.092+0000 [id=70]	INFO	h.model.UpdateCenter$DownloadJob#run: Installation successful: json-path-api
2025-06-27 10:10:05.093+0000 [id=70]	INFO	h.model.UpdateCenter$DownloadJob#run: Starting the installation of structs on behalf of admin
2025-06-27 10:10:05.094+0000 [id=70]	INFO	h.m.UpdateCenter$UpdateCenterConfiguration#download: Downloading structs
2025-06-27 10:10:06.533+0000 [id=70]	INFO	h.model.UpdateCenter$DownloadJob#run: Installation successful: structs
2025-06-27 10:10:06.534+0000 [id=70]	INFO	h.model.UpdateCenter$DownloadJob#run: Starting the installation of workflow-step-api on behalf of admin
2025-06-27 10:10:06.558+0000 [id=70]	INFO	h.model.UpdateCenter$DownloadJob#run: Installation successful: workflow-step-api
2025-06-27 10:10:06.558+0000 [id=70]	INFO	h.model.UpdateCenter$DownloadJob#run: Starting the installation of token-macro on behalf of admin
2025-06-27 10:10:06.559+0000 [id=70]	INFO	h.m.UpdateCenter$UpdateCenterConfiguration#download: Downloading token-macro
2025-06-27 10:10:08.105+0000 [id=70]	INFO	h.model.UpdateCenter$DownloadJob#run: Installation successful: token-macro
2025-06-27 10:10:08.105+0000 [id=70]	INFO	h.model.UpdateCenter$DownloadJob#run: Starting the installation of build-timeout on behalf of admin
2025-06-27 10:10:08.106+0000 [id=70]	INFO	h.m.UpdateCenter$UpdateCenterConfiguration#download: Downloading build-timeout
2025-06-27 10:10:09.497+0000 [id=70]	INFO	h.model.UpdateCenter$DownloadJob#run: Installation successful: build-timeout
2025-06-27 10:10:09.497+0000 [id=70]	INFO	h.model.UpdateCenter$DownloadJob#run: Starting the installation of bouncycastle-api on behalf of admin
2025-06-27 10:10:09.577+0000 [id=70]	INFO	h.m.UpdateCenter$UpdateCenterConfiguration#download: Downloading bouncycastle-api
2025-06-27 10:10:11.908+0000 [id=70]	INFO	h.model.UpdateCenter$DownloadJob#run: Installation successful: bouncycastle-api
2025-06-27 10:10:11.908+0000 [id=70]	INFO	h.model.UpdateCenter$DownloadJob#run: Starting the installation of credentials on behalf of admin
2025-06-27 10:10:11.909+0000 [id=70]	INFO	h.m.UpdateCenter$UpdateCenterConfiguration#download: Downloading credentials
2025-06-27 10:10:13.325+0000 [id=70]	INFO	h.model.UpdateCenter$DownloadJob#run: Installation successful: credentials
2025-06-27 10:10:13.326+0000 [id=70]	INFO	h.model.UpdateCenter$DownloadJob#run: Starting the installation of plain-credentials on behalf of admin
2025-06-27 10:10:13.326+0000 [id=70]	INFO	h.m.UpdateCenter$UpdateCenterConfiguration#download: Downloading plain-credentials
2025-06-27 10:10:14.630+0000 [id=70]	INFO	h.model.UpdateCenter$DownloadJob#run: Installation successful: plain-credentials
2025-06-27 10:10:14.632+0000 [id=70]	INFO	h.model.UpdateCenter$DownloadJob#run: Starting the installation of variant on behalf of admin
2025-06-27 10:10:14.632+0000 [id=70]	INFO	h.m.UpdateCenter$UpdateCenterConfiguration#download: Downloading variant
2025-06-27 10:10:16.010+0000 [id=70]	INFO	h.model.UpdateCenter$DownloadJob#run: Installation successful: variant
2025-06-27 10:10:16.010+0000 [id=70]	INFO	h.model.UpdateCenter$DownloadJob#run: Starting the installation of ssh-credentials on behalf of admin
2025-06-27 10:10:16.011+0000 [id=70]	INFO	h.m.UpdateCenter$UpdateCenterConfiguration#download: Downloading ssh-credentials
2025-06-27 10:10:17.322+0000 [id=70]	INFO	h.model.UpdateCenter$DownloadJob#run: Installation successful: ssh-credentials
2025-06-27 10:10:17.322+0000 [id=70]	INFO	h.model.UpdateCenter$DownloadJob#run: Starting the installation of credentials-binding on behalf of admin
2025-06-27 10:10:17.323+0000 [id=70]	INFO	h.m.UpdateCenter$UpdateCenterConfiguration#download: Downloading credentials-binding
2025-06-27 10:10:18.624+0000 [id=70]	INFO	h.model.UpdateCenter$DownloadJob#run: Installation successful: credentials-binding
2025-06-27 10:10:18.624+0000 [id=70]	INFO	h.model.UpdateCenter$DownloadJob#run: Starting the installation of scm-api on behalf of admin
2025-06-27 10:10:18.650+0000 [id=70]	INFO	h.model.UpdateCenter$DownloadJob#run: Installation successful: scm-api
2025-06-27 10:10:18.650+0000 [id=70]	INFO	h.model.UpdateCenter$DownloadJob#run: Starting the installation of workflow-api on behalf of admin
2025-06-27 10:10:18.656+0000 [id=70]	INFO	h.m.UpdateCenter$UpdateCenterConfiguration#download: Downloading workflow-api
2025-06-27 10:10:20.106+0000 [id=70]	INFO	h.model.UpdateCenter$DownloadJob#run: Installation successful: workflow-api
2025-06-27 10:10:20.106+0000 [id=70]	INFO	h.model.UpdateCenter$DownloadJob#run: Starting the installation of commons-lang3-api on behalf of admin
2025-06-27 10:10:20.120+0000 [id=70]	INFO	h.m.UpdateCenter$UpdateCenterConfiguration#download: Downloading commons-lang3-api
2025-06-27 10:10:21.554+0000 [id=70]	INFO	h.model.UpdateCenter$DownloadJob#run: Installation successful: commons-lang3-api
2025-06-27 10:10:21.554+0000 [id=70]	INFO	h.model.UpdateCenter$DownloadJob#run: Starting the installation of timestamper on behalf of admin
2025-06-27 10:10:21.554+0000 [id=70]	INFO	h.m.UpdateCenter$UpdateCenterConfiguration#download: Downloading timestamper
2025-06-27 10:10:22.878+0000 [id=70]	INFO	h.model.UpdateCenter$DownloadJob#run: Installation successful: timestamper
2025-06-27 10:10:22.878+0000 [id=70]	INFO	h.model.UpdateCenter$DownloadJob#run: Starting the installation of caffeine-api on behalf of admin
2025-06-27 10:10:22.892+0000 [id=70]	INFO	h.m.UpdateCenter$UpdateCenterConfiguration#download: Downloading caffeine-api
2025-06-27 10:10:24.238+0000 [id=70]	INFO	h.model.UpdateCenter$DownloadJob#run: Installation successful: caffeine-api
2025-06-27 10:10:24.239+0000 [id=70]	INFO	h.model.UpdateCenter$DownloadJob#run: Starting the installation of script-security on behalf of admin
2025-06-27 10:10:24.255+0000 [id=70]	INFO	h.model.UpdateCenter$DownloadJob#run: Installation successful: script-security
2025-06-27 10:10:24.255+0000 [id=70]	INFO	h.model.UpdateCenter$DownloadJob#run: Starting the installation of javax-activation-api on behalf of admin
2025-06-27 10:10:24.273+0000 [id=70]	INFO	h.model.UpdateCenter$DownloadJob#run: Installation successful: javax-activation-api
2025-06-27 10:10:24.274+0000 [id=70]	INFO	h.model.UpdateCenter$DownloadJob#run: Starting the installation of jaxb on behalf of admin
2025-06-27 10:10:24.322+0000 [id=70]	INFO	h.model.UpdateCenter$DownloadJob#run: Installation successful: jaxb
2025-06-27 10:10:24.322+0000 [id=70]	INFO	h.model.UpdateCenter$DownloadJob#run: Starting the installation of snakeyaml-api on behalf of admin
2025-06-27 10:10:24.325+0000 [id=70]	INFO	h.m.UpdateCenter$UpdateCenterConfiguration#download: Downloading snakeyaml-api
2025-06-27 10:10:25.606+0000 [id=70]	INFO	h.model.UpdateCenter$DownloadJob#run: Installation successful: snakeyaml-api
2025-06-27 10:10:25.606+0000 [id=70]	INFO	h.model.UpdateCenter$DownloadJob#run: Starting the installation of json-api on behalf of admin
2025-06-27 10:10:25.607+0000 [id=70]	INFO	h.m.UpdateCenter$UpdateCenterConfiguration#download: Downloading json-api
2025-06-27 10:10:26.969+0000 [id=70]	INFO	h.model.UpdateCenter$DownloadJob#run: Installation successful: json-api
2025-06-27 10:10:26.969+0000 [id=70]	INFO	h.model.UpdateCenter$DownloadJob#run: Starting the installation of jackson2-api on behalf of admin
2025-06-27 10:10:27.037+0000 [id=70]	INFO	h.m.UpdateCenter$UpdateCenterConfiguration#download: Downloading jackson2-api
2025-06-27 10:10:28.693+0000 [id=70]	INFO	h.model.UpdateCenter$DownloadJob#run: Installation successful: jackson2-api
2025-06-27 10:10:28.694+0000 [id=70]	INFO	h.model.UpdateCenter$DownloadJob#run: Starting the installation of commons-text-api on behalf of admin
2025-06-27 10:10:28.700+0000 [id=70]	INFO	h.m.UpdateCenter$UpdateCenterConfiguration#download: Downloading commons-text-api
2025-06-27 10:10:29.997+0000 [id=70]	INFO	h.model.UpdateCenter$DownloadJob#run: Installation successful: commons-text-api
2025-06-27 10:10:29.998+0000 [id=70]	INFO	h.model.UpdateCenter$DownloadJob#run: Starting the installation of workflow-support on behalf of admin
2025-06-27 10:10:30.008+0000 [id=70]	INFO	h.m.UpdateCenter$UpdateCenterConfiguration#download: Downloading workflow-support
2025-06-27 10:10:31.336+0000 [id=70]	INFO	h.model.UpdateCenter$DownloadJob#run: Installation successful: workflow-support
2025-06-27 10:10:31.336+0000 [id=70]	INFO	h.model.UpdateCenter$DownloadJob#run: Starting the installation of plugin-util-api on behalf of admin
2025-06-27 10:10:31.365+0000 [id=70]	INFO	h.model.UpdateCenter$DownloadJob#run: Installation successful: plugin-util-api
2025-06-27 10:10:31.365+0000 [id=70]	INFO	h.model.UpdateCenter$DownloadJob#run: Starting the installation of font-awesome-api on behalf of admin
2025-06-27 10:10:31.444+0000 [id=70]	INFO	h.model.UpdateCenter$DownloadJob#run: Installation successful: font-awesome-api
2025-06-27 10:10:31.444+0000 [id=70]	INFO	h.model.UpdateCenter$DownloadJob#run: Starting the installation of bootstrap5-api on behalf of admin
2025-06-27 10:10:31.452+0000 [id=70]	INFO	h.m.UpdateCenter$UpdateCenterConfiguration#download: Downloading bootstrap5-api
2025-06-27 10:10:32.935+0000 [id=70]	INFO	h.model.UpdateCenter$DownloadJob#run: Installation successful: bootstrap5-api
2025-06-27 10:10:32.935+0000 [id=70]	INFO	h.model.UpdateCenter$DownloadJob#run: Starting the installation of jquery3-api on behalf of admin
2025-06-27 10:10:32.961+0000 [id=70]	INFO	h.model.UpdateCenter$DownloadJob#run: Installation successful: jquery3-api
2025-06-27 10:10:32.962+0000 [id=70]	INFO	h.model.UpdateCenter$DownloadJob#run: Starting the installation of echarts-api on behalf of admin
2025-06-27 10:10:33.041+0000 [id=70]	INFO	h.m.UpdateCenter$UpdateCenterConfiguration#download: Downloading echarts-api
2025-06-27 10:10:35.005+0000 [id=70]	INFO	h.model.UpdateCenter$DownloadJob#run: Installation successful: echarts-api
2025-06-27 10:10:35.005+0000 [id=70]	INFO	h.model.UpdateCenter$DownloadJob#run: Starting the installation of display-url-api on behalf of admin
2025-06-27 10:10:35.016+0000 [id=70]	INFO	h.model.UpdateCenter$DownloadJob#run: Installation successful: display-url-api
2025-06-27 10:10:35.016+0000 [id=70]	INFO	h.model.UpdateCenter$DownloadJob#run: Starting the installation of checks-api on behalf of admin
2025-06-27 10:10:35.018+0000 [id=70]	INFO	h.m.UpdateCenter$UpdateCenterConfiguration#download: Downloading checks-api
2025-06-27 10:10:36.291+0000 [id=70]	INFO	h.model.UpdateCenter$DownloadJob#run: Installation successful: checks-api
2025-06-27 10:10:36.291+0000 [id=70]	INFO	h.model.UpdateCenter$DownloadJob#run: Starting the installation of junit on behalf of admin
2025-06-27 10:10:36.295+0000 [id=70]	INFO	h.m.UpdateCenter$UpdateCenterConfiguration#download: Downloading junit
2025-06-27 10:10:37.606+0000 [id=70]	INFO	h.model.UpdateCenter$DownloadJob#run: Installation successful: junit
2025-06-27 10:10:37.607+0000 [id=70]	INFO	h.model.UpdateCenter$DownloadJob#run: Starting the installation of matrix-project on behalf of admin
2025-06-27 10:10:37.610+0000 [id=70]	INFO	h.m.UpdateCenter$UpdateCenterConfiguration#download: Downloading matrix-project
2025-06-27 10:10:39.107+0000 [id=70]	INFO	h.model.UpdateCenter$DownloadJob#run: Installation successful: matrix-project
2025-06-27 10:10:39.107+0000 [id=70]	INFO	h.model.UpdateCenter$DownloadJob#run: Starting the installation of resource-disposer on behalf of admin
2025-06-27 10:10:39.108+0000 [id=70]	INFO	h.m.UpdateCenter$UpdateCenterConfiguration#download: Downloading resource-disposer
2025-06-27 10:10:40.402+0000 [id=70]	INFO	h.model.UpdateCenter$DownloadJob#run: Installation successful: resource-disposer
2025-06-27 10:10:40.403+0000 [id=70]	INFO	h.model.UpdateCenter$DownloadJob#run: Starting the installation of ws-cleanup on behalf of admin
2025-06-27 10:10:40.405+0000 [id=70]	INFO	h.m.UpdateCenter$UpdateCenterConfiguration#download: Downloading ws-cleanup
2025-06-27 10:10:41.992+0000 [id=70]	INFO	h.model.UpdateCenter$DownloadJob#run: Installation successful: ws-cleanup
2025-06-27 10:10:41.992+0000 [id=70]	INFO	h.model.UpdateCenter$DownloadJob#run: Starting the installation of ant on behalf of admin
2025-06-27 10:10:41.993+0000 [id=70]	INFO	h.m.UpdateCenter$UpdateCenterConfiguration#download: Downloading ant
2025-06-27 10:10:43.305+0000 [id=70]	INFO	h.model.UpdateCenter$DownloadJob#run: Installation successful: ant
2025-06-27 10:10:43.305+0000 [id=70]	INFO	h.model.UpdateCenter$DownloadJob#run: Starting the installation of okhttp-api on behalf of admin
2025-06-27 10:10:43.305+0000 [id=70]	INFO	h.m.UpdateCenter$UpdateCenterConfiguration#download: Downloading okhttp-api
2025-06-27 10:10:44.874+0000 [id=70]	INFO	h.model.UpdateCenter$DownloadJob#run: Installation successful: okhttp-api
2025-06-27 10:10:44.874+0000 [id=70]	INFO	h.model.UpdateCenter$DownloadJob#run: Starting the installation of durable-task on behalf of admin
2025-06-27 10:10:44.874+0000 [id=70]	INFO	h.m.UpdateCenter$UpdateCenterConfiguration#download: Downloading durable-task
2025-06-27 10:10:46.876+0000 [id=70]	INFO	h.model.UpdateCenter$DownloadJob#run: Installation successful: durable-task
2025-06-27 10:10:46.877+0000 [id=70]	INFO	h.model.UpdateCenter$DownloadJob#run: Starting the installation of workflow-durable-task-step on behalf of admin
2025-06-27 10:10:46.877+0000 [id=70]	INFO	h.m.UpdateCenter$UpdateCenterConfiguration#download: Downloading workflow-durable-task-step
2025-06-27 10:10:48.149+0000 [id=70]	INFO	h.model.UpdateCenter$DownloadJob#run: Installation successful: workflow-durable-task-step
2025-06-27 10:10:48.152+0000 [id=70]	INFO	h.model.UpdateCenter$DownloadJob#run: Starting the installation of workflow-scm-step on behalf of admin
2025-06-27 10:10:48.152+0000 [id=70]	INFO	h.m.UpdateCenter$UpdateCenterConfiguration#download: Downloading workflow-scm-step
2025-06-27 10:10:49.461+0000 [id=70]	INFO	h.model.UpdateCenter$DownloadJob#run: Installation successful: workflow-scm-step
2025-06-27 10:10:49.461+0000 [id=70]	INFO	h.model.UpdateCenter$DownloadJob#run: Starting the installation of workflow-cps on behalf of admin
2025-06-27 10:10:49.462+0000 [id=70]	INFO	h.m.UpdateCenter$UpdateCenterConfiguration#download: Downloading workflow-cps
2025-06-27 10:10:51.224+0000 [id=70]	INFO	h.model.UpdateCenter$DownloadJob#run: Installation successful: workflow-cps
2025-06-27 10:10:51.224+0000 [id=70]	INFO	h.model.UpdateCenter$DownloadJob#run: Starting the installation of workflow-job on behalf of admin
2025-06-27 10:10:51.224+0000 [id=70]	INFO	h.m.UpdateCenter$UpdateCenterConfiguration#download: Downloading workflow-job
2025-06-27 10:10:52.508+0000 [id=70]	INFO	h.model.UpdateCenter$DownloadJob#run: Installation successful: workflow-job
2025-06-27 10:10:52.508+0000 [id=70]	INFO	h.model.UpdateCenter$DownloadJob#run: Starting the installation of jakarta-activation-api on behalf of admin
2025-06-27 10:10:52.527+0000 [id=70]	INFO	h.model.UpdateCenter$DownloadJob#run: Installation successful: jakarta-activation-api
2025-06-27 10:10:52.528+0000 [id=70]	INFO	h.model.UpdateCenter$DownloadJob#run: Starting the installation of jakarta-mail-api on behalf of admin
2025-06-27 10:10:52.558+0000 [id=70]	INFO	h.model.UpdateCenter$DownloadJob#run: Installation successful: jakarta-mail-api
2025-06-27 10:10:52.560+0000 [id=70]	INFO	h.model.UpdateCenter$DownloadJob#run: Starting the installation of apache-httpcomponents-client-4-api on behalf of admin
2025-06-27 10:10:52.631+0000 [id=70]	INFO	h.model.UpdateCenter$DownloadJob#run: Installation successful: apache-httpcomponents-client-4-api
2025-06-27 10:10:52.631+0000 [id=70]	INFO	h.model.UpdateCenter$DownloadJob#run: Starting the installation of instance-identity on behalf of admin
2025-06-27 10:10:52.640+0000 [id=70]	INFO	h.model.UpdateCenter$DownloadJob#run: Installation successful: instance-identity
2025-06-27 10:10:52.643+0000 [id=70]	INFO	h.model.UpdateCenter$DownloadJob#run: Starting the installation of mailer on behalf of admin
2025-06-27 10:10:52.656+0000 [id=70]	INFO	h.model.UpdateCenter$DownloadJob#run: Installation successful: mailer
2025-06-27 10:10:52.656+0000 [id=70]	INFO	h.model.UpdateCenter$DownloadJob#run: Starting the installation of workflow-basic-steps on behalf of admin
2025-06-27 10:10:52.656+0000 [id=70]	INFO	h.m.UpdateCenter$UpdateCenterConfiguration#download: Downloading workflow-basic-steps
2025-06-27 10:10:53.997+0000 [id=70]	INFO	h.model.UpdateCenter$DownloadJob#run: Installation successful: workflow-basic-steps
2025-06-27 10:10:53.997+0000 [id=70]	INFO	h.model.UpdateCenter$DownloadJob#run: Starting the installation of gradle on behalf of admin
2025-06-27 10:10:53.997+0000 [id=70]	INFO	h.m.UpdateCenter$UpdateCenterConfiguration#download: Downloading gradle
2025-06-27 10:10:55.551+0000 [id=70]	INFO	h.model.UpdateCenter$DownloadJob#run: Installation successful: gradle
2025-06-27 10:10:55.551+0000 [id=70]	INFO	h.model.UpdateCenter$DownloadJob#run: Starting the installation of pipeline-milestone-step on behalf of admin
2025-06-27 10:10:55.551+0000 [id=70]	INFO	h.m.UpdateCenter$UpdateCenterConfiguration#download: Downloading pipeline-milestone-step
2025-06-27 10:10:56.856+0000 [id=70]	INFO	h.model.UpdateCenter$DownloadJob#run: Installation successful: pipeline-milestone-step
2025-06-27 10:10:56.857+0000 [id=70]	INFO	h.model.UpdateCenter$DownloadJob#run: Starting the installation of pipeline-build-step on behalf of admin
2025-06-27 10:10:56.857+0000 [id=70]	INFO	h.m.UpdateCenter$UpdateCenterConfiguration#download: Downloading pipeline-build-step
2025-06-27 10:10:58.220+0000 [id=70]	INFO	h.model.UpdateCenter$DownloadJob#run: Installation successful: pipeline-build-step
2025-06-27 10:10:58.220+0000 [id=70]	INFO	h.model.UpdateCenter$DownloadJob#run: Starting the installation of pipeline-groovy-lib on behalf of admin
2025-06-27 10:10:58.221+0000 [id=70]	INFO	h.m.UpdateCenter$UpdateCenterConfiguration#download: Downloading pipeline-groovy-lib
2025-06-27 10:10:59.602+0000 [id=70]	INFO	h.model.UpdateCenter$DownloadJob#run: Installation successful: pipeline-groovy-lib
2025-06-27 10:10:59.603+0000 [id=70]	INFO	h.model.UpdateCenter$DownloadJob#run: Starting the installation of pipeline-stage-step on behalf of admin
2025-06-27 10:10:59.603+0000 [id=70]	INFO	h.m.UpdateCenter$UpdateCenterConfiguration#download: Downloading pipeline-stage-step
2025-06-27 10:11:00.919+0000 [id=70]	INFO	h.model.UpdateCenter$DownloadJob#run: Installation successful: pipeline-stage-step
2025-06-27 10:11:00.920+0000 [id=70]	INFO	h.model.UpdateCenter$DownloadJob#run: Starting the installation of joda-time-api on behalf of admin
2025-06-27 10:11:00.923+0000 [id=70]	INFO	h.m.UpdateCenter$UpdateCenterConfiguration#download: Downloading joda-time-api
2025-06-27 10:11:02.537+0000 [id=70]	INFO	h.model.UpdateCenter$DownloadJob#run: Installation successful: joda-time-api
2025-06-27 10:11:02.537+0000 [id=70]	INFO	h.model.UpdateCenter$DownloadJob#run: Starting the installation of pipeline-model-api on behalf of admin
2025-06-27 10:11:02.537+0000 [id=70]	INFO	h.m.UpdateCenter$UpdateCenterConfiguration#download: Downloading pipeline-model-api
2025-06-27 10:11:03.982+0000 [id=70]	INFO	h.model.UpdateCenter$DownloadJob#run: Installation successful: pipeline-model-api
2025-06-27 10:11:03.988+0000 [id=70]	INFO	h.model.UpdateCenter$DownloadJob#run: Starting the installation of pipeline-model-extensions on behalf of admin
2025-06-27 10:11:03.988+0000 [id=70]	INFO	h.m.UpdateCenter$UpdateCenterConfiguration#download: Downloading pipeline-model-extensions
2025-06-27 10:11:05.281+0000 [id=70]	INFO	h.model.UpdateCenter$DownloadJob#run: Installation successful: pipeline-model-extensions
2025-06-27 10:11:05.282+0000 [id=70]	INFO	h.model.UpdateCenter$DownloadJob#run: Starting the installation of branch-api on behalf of admin
2025-06-27 10:11:05.282+0000 [id=70]	INFO	h.m.UpdateCenter$UpdateCenterConfiguration#download: Downloading branch-api
2025-06-27 10:11:06.728+0000 [id=70]	INFO	h.model.UpdateCenter$DownloadJob#run: Installation successful: branch-api
2025-06-27 10:11:06.728+0000 [id=70]	INFO	h.model.UpdateCenter$DownloadJob#run: Starting the installation of workflow-multibranch on behalf of admin
2025-06-27 10:11:06.734+0000 [id=70]	INFO	h.m.UpdateCenter$UpdateCenterConfiguration#download: Downloading workflow-multibranch
2025-06-27 10:11:08.019+0000 [id=70]	INFO	h.model.UpdateCenter$DownloadJob#run: Installation successful: workflow-multibranch
2025-06-27 10:11:08.019+0000 [id=70]	INFO	h.model.UpdateCenter$DownloadJob#run: Starting the installation of pipeline-stage-tags-metadata on behalf of admin
2025-06-27 10:11:08.019+0000 [id=70]	INFO	h.m.UpdateCenter$UpdateCenterConfiguration#download: Downloading pipeline-stage-tags-metadata
2025-06-27 10:11:09.259+0000 [id=70]	INFO	h.model.UpdateCenter$DownloadJob#run: Installation successful: pipeline-stage-tags-metadata
2025-06-27 10:11:09.260+0000 [id=70]	INFO	h.model.UpdateCenter$DownloadJob#run: Starting the installation of pipeline-input-step on behalf of admin
2025-06-27 10:11:09.260+0000 [id=70]	INFO	h.m.UpdateCenter$UpdateCenterConfiguration#download: Downloading pipeline-input-step
2025-06-27 10:11:10.547+0000 [id=70]	INFO	h.model.UpdateCenter$DownloadJob#run: Installation successful: pipeline-input-step
2025-06-27 10:11:10.547+0000 [id=70]	INFO	h.model.UpdateCenter$DownloadJob#run: Starting the installation of pipeline-model-definition on behalf of admin
2025-06-27 10:11:10.547+0000 [id=70]	INFO	h.m.UpdateCenter$UpdateCenterConfiguration#download: Downloading pipeline-model-definition
2025-06-27 10:11:11.906+0000 [id=70]	INFO	h.model.UpdateCenter$DownloadJob#run: Installation successful: pipeline-model-definition
2025-06-27 10:11:11.906+0000 [id=70]	INFO	h.model.UpdateCenter$DownloadJob#run: Starting the installation of workflow-aggregator on behalf of admin
2025-06-27 10:11:11.906+0000 [id=70]	INFO	h.m.UpdateCenter$UpdateCenterConfiguration#download: Downloading workflow-aggregator
2025-06-27 10:11:13.190+0000 [id=70]	INFO	h.model.UpdateCenter$DownloadJob#run: Installation successful: workflow-aggregator
2025-06-27 10:11:13.190+0000 [id=70]	INFO	h.model.UpdateCenter$DownloadJob#run: Starting the installation of jjwt-api on behalf of admin
2025-06-27 10:11:13.191+0000 [id=70]	INFO	h.m.UpdateCenter$UpdateCenterConfiguration#download: Downloading jjwt-api
2025-06-27 10:11:14.540+0000 [id=70]	INFO	h.model.UpdateCenter$DownloadJob#run: Installation successful: jjwt-api
2025-06-27 10:11:14.541+0000 [id=70]	INFO	h.model.UpdateCenter$DownloadJob#run: Starting the installation of github-api on behalf of admin
2025-06-27 10:11:14.541+0000 [id=70]	INFO	h.m.UpdateCenter$UpdateCenterConfiguration#download: Downloading github-api
2025-06-27 10:11:15.861+0000 [id=70]	INFO	h.model.UpdateCenter$DownloadJob#run: Installation successful: github-api
2025-06-27 10:11:15.861+0000 [id=70]	INFO	h.model.UpdateCenter$DownloadJob#run: Starting the installation of mina-sshd-api-common on behalf of admin
2025-06-27 10:11:15.872+0000 [id=70]	INFO	h.m.UpdateCenter$UpdateCenterConfiguration#download: Downloading mina-sshd-api-common
2025-06-27 10:11:17.202+0000 [id=70]	INFO	h.model.UpdateCenter$DownloadJob#run: Installation successful: mina-sshd-api-common
2025-06-27 10:11:17.202+0000 [id=70]	INFO	h.model.UpdateCenter$DownloadJob#run: Starting the installation of mina-sshd-api-core on behalf of admin
2025-06-27 10:11:17.222+0000 [id=70]	INFO	h.m.UpdateCenter$UpdateCenterConfiguration#download: Downloading mina-sshd-api-core
2025-06-27 10:11:18.526+0000 [id=70]	INFO	h.model.UpdateCenter$DownloadJob#run: Installation successful: mina-sshd-api-core
2025-06-27 10:11:18.526+0000 [id=70]	INFO	h.model.UpdateCenter$DownloadJob#run: Starting the installation of gson-api on behalf of admin
2025-06-27 10:11:18.540+0000 [id=70]	INFO	h.m.UpdateCenter$UpdateCenterConfiguration#download: Downloading gson-api
2025-06-27 10:11:19.873+0000 [id=70]	INFO	h.model.UpdateCenter$DownloadJob#run: Installation successful: gson-api
2025-06-27 10:11:19.873+0000 [id=70]	INFO	h.model.UpdateCenter$DownloadJob#run: Starting the installation of git-client on behalf of admin
2025-06-27 10:11:19.873+0000 [id=70]	INFO	h.m.UpdateCenter$UpdateCenterConfiguration#download: Downloading git-client
2025-06-27 10:11:21.356+0000 [id=70]	INFO	h.model.UpdateCenter$DownloadJob#run: Installation successful: git-client
2025-06-27 10:11:21.356+0000 [id=70]	INFO	h.model.UpdateCenter$DownloadJob#run: Starting the installation of git on behalf of admin
2025-06-27 10:11:21.356+0000 [id=70]	INFO	h.m.UpdateCenter$UpdateCenterConfiguration#download: Downloading git
2025-06-27 10:11:22.658+0000 [id=70]	INFO	h.model.UpdateCenter$DownloadJob#run: Installation successful: git
2025-06-27 10:11:22.658+0000 [id=70]	INFO	h.model.UpdateCenter$DownloadJob#run: Starting the installation of github on behalf of admin
2025-06-27 10:11:22.658+0000 [id=70]	INFO	h.m.UpdateCenter$UpdateCenterConfiguration#download: Downloading github
2025-06-27 10:11:23.931+0000 [id=70]	INFO	h.model.UpdateCenter$DownloadJob#run: Installation successful: github
2025-06-27 10:11:23.932+0000 [id=70]	INFO	h.model.UpdateCenter$DownloadJob#run: Starting the installation of github-branch-source on behalf of admin
2025-06-27 10:11:23.932+0000 [id=70]	INFO	h.m.UpdateCenter$UpdateCenterConfiguration#download: Downloading github-branch-source
2025-06-27 10:11:25.282+0000 [id=70]	INFO	h.model.UpdateCenter$DownloadJob#run: Installation successful: github-branch-source
2025-06-27 10:11:25.282+0000 [id=70]	INFO	h.model.UpdateCenter$DownloadJob#run: Starting the installation of pipeline-github-lib on behalf of admin
2025-06-27 10:11:25.282+0000 [id=70]	INFO	h.m.UpdateCenter$UpdateCenterConfiguration#download: Downloading pipeline-github-lib
2025-06-27 10:11:26.580+0000 [id=70]	INFO	h.model.UpdateCenter$DownloadJob#run: Installation successful: pipeline-github-lib
2025-06-27 10:11:26.580+0000 [id=70]	INFO	h.model.UpdateCenter$DownloadJob#run: Starting the installation of metrics on behalf of admin
2025-06-27 10:11:26.581+0000 [id=70]	INFO	h.m.UpdateCenter$UpdateCenterConfiguration#download: Downloading metrics
2025-06-27 10:11:28.102+0000 [id=70]	INFO	h.model.UpdateCenter$DownloadJob#run: Installation successful: metrics
2025-06-27 10:11:28.102+0000 [id=70]	INFO	h.model.UpdateCenter$DownloadJob#run: Starting the installation of pipeline-graph-view on behalf of admin
2025-06-27 10:11:28.102+0000 [id=70]	INFO	h.m.UpdateCenter$UpdateCenterConfiguration#download: Downloading pipeline-graph-view
2025-06-27 10:11:29.500+0000 [id=70]	INFO	h.model.UpdateCenter$DownloadJob#run: Installation successful: pipeline-graph-view
2025-06-27 10:11:29.500+0000 [id=70]	INFO	h.model.UpdateCenter$DownloadJob#run: Starting the installation of git on behalf of admin
2025-06-27 10:11:29.500+0000 [id=70]	INFO	h.m.UpdateCenter$InstallationJob#_run: Skipping duplicate install of: Git@5.7.0
2025-06-27 10:11:29.500+0000 [id=70]	INFO	h.model.UpdateCenter$DownloadJob#run: Installation successful: git
2025-06-27 10:11:29.500+0000 [id=70]	INFO	h.model.UpdateCenter$DownloadJob#run: Starting the installation of eddsa-api on behalf of admin
2025-06-27 10:11:29.512+0000 [id=70]	INFO	h.model.UpdateCenter$DownloadJob#run: Installation successful: eddsa-api
2025-06-27 10:11:29.516+0000 [id=70]	INFO	h.model.UpdateCenter$DownloadJob#run: Starting the installation of trilead-api on behalf of admin
2025-06-27 10:11:29.548+0000 [id=70]	INFO	h.m.UpdateCenter$UpdateCenterConfiguration#download: Downloading trilead-api
2025-06-27 10:11:30.946+0000 [id=70]	INFO	h.model.UpdateCenter$DownloadJob#run: Installation successful: trilead-api
2025-06-27 10:11:30.946+0000 [id=70]	INFO	h.model.UpdateCenter$DownloadJob#run: Starting the installation of ssh-slaves on behalf of admin
2025-06-27 10:11:30.946+0000 [id=70]	INFO	h.m.UpdateCenter$UpdateCenterConfiguration#download: Downloading ssh-slaves
2025-06-27 10:11:32.235+0000 [id=70]	INFO	h.model.UpdateCenter$DownloadJob#run: Installation successful: ssh-slaves
2025-06-27 10:11:32.236+0000 [id=70]	INFO	h.model.UpdateCenter$DownloadJob#run: Starting the installation of matrix-auth on behalf of admin
2025-06-27 10:11:32.240+0000 [id=70]	INFO	h.m.UpdateCenter$UpdateCenterConfiguration#download: Downloading matrix-auth
2025-06-27 10:11:33.566+0000 [id=70]	INFO	h.model.UpdateCenter$DownloadJob#run: Installation successful: matrix-auth
2025-06-27 10:11:33.566+0000 [id=70]	INFO	h.model.UpdateCenter$DownloadJob#run: Starting the installation of pam-auth on behalf of admin
2025-06-27 10:11:33.566+0000 [id=70]	INFO	h.m.UpdateCenter$UpdateCenterConfiguration#download: Downloading pam-auth
2025-06-27 10:11:35.386+0000 [id=70]	INFO	h.model.UpdateCenter$DownloadJob#run: Installation successful: pam-auth
2025-06-27 10:11:35.386+0000 [id=70]	INFO	h.model.UpdateCenter$DownloadJob#run: Starting the installation of ldap on behalf of admin
2025-06-27 10:11:35.386+0000 [id=70]	INFO	h.m.UpdateCenter$UpdateCenterConfiguration#download: Downloading ldap
2025-06-27 10:11:37.060+0000 [id=70]	INFO	h.model.UpdateCenter$DownloadJob#run: Installation successful: ldap
2025-06-27 10:11:37.061+0000 [id=70]	INFO	h.model.UpdateCenter$DownloadJob#run: Starting the installation of jsoup on behalf of admin
2025-06-27 10:11:37.061+0000 [id=70]	INFO	h.m.UpdateCenter$UpdateCenterConfiguration#download: Downloading jsoup
2025-06-27 10:11:38.584+0000 [id=70]	INFO	h.model.UpdateCenter$DownloadJob#run: Installation successful: jsoup
2025-06-27 10:11:38.584+0000 [id=70]	INFO	h.model.UpdateCenter$DownloadJob#run: Starting the installation of email-ext on behalf of admin
2025-06-27 10:11:38.585+0000 [id=70]	INFO	h.m.UpdateCenter$UpdateCenterConfiguration#download: Downloading email-ext
2025-06-27 10:11:40.078+0000 [id=70]	INFO	h.model.UpdateCenter$DownloadJob#run: Installation successful: email-ext
2025-06-27 10:11:40.079+0000 [id=70]	INFO	h.model.UpdateCenter$DownloadJob#run: Starting the installation of mailer on behalf of admin
2025-06-27 10:11:40.079+0000 [id=70]	INFO	h.m.UpdateCenter$InstallationJob#_run: Skipping duplicate install of: Mailer@489.vd4b_25144138f
2025-06-27 10:11:40.084+0000 [id=70]	INFO	h.model.UpdateCenter$DownloadJob#run: Installation successful: mailer
2025-06-27 10:11:40.084+0000 [id=70]	INFO	h.model.UpdateCenter$DownloadJob#run: Starting the installation of theme-manager on behalf of admin
2025-06-27 10:11:40.084+0000 [id=70]	INFO	h.m.UpdateCenter$UpdateCenterConfiguration#download: Downloading theme-manager
2025-06-27 10:11:41.704+0000 [id=70]	INFO	h.model.UpdateCenter$DownloadJob#run: Installation successful: theme-manager
2025-06-27 10:11:41.704+0000 [id=70]	INFO	h.model.UpdateCenter$DownloadJob#run: Starting the installation of dark-theme on behalf of admin
2025-06-27 10:11:41.705+0000 [id=70]	INFO	h.m.UpdateCenter$UpdateCenterConfiguration#download: Downloading dark-theme
2025-06-27 10:11:43.175+0000 [id=70]	INFO	h.model.UpdateCenter$DownloadJob#run: Installation successful: dark-theme
2025-06-27 10:11:43.176+0000 [id=70]	INFO	h.m.UpdateCenter$CompleteBatchJob#run: Completing installing of plugin batch…
2025-06-27 10:11:48.183+0000 [id=70]	INFO	h.p.b.g.GlobalTimeOutConfiguration#load: global timeout not set
2025-06-27 10:11:50.026+0000 [id=70]	INFO	h.m.DownloadService$Downloadable#load: Obtained the updated data file for hudson.tasks.Ant.AntInstaller
2025-06-27 10:11:52.246+0000 [id=70]	INFO	h.m.DownloadService$Downloadable#load: Obtained the updated data file for hudson.plugins.gradle.GradleInstaller
2025-06-27 10:11:52.976+0000 [id=255]	INFO	jenkins.InitReactorRunner$1#onAttained: Started initialization
2025-06-27 10:11:52.994+0000 [id=256]	INFO	jenkins.InitReactorRunner$1#onAttained: Listed all plugins
2025-06-27 10:11:52.995+0000 [id=256]	INFO	jenkins.InitReactorRunner$1#onAttained: Prepared all plugins
2025-06-27 10:11:53.027+0000 [id=256]	INFO	jenkins.InitReactorRunner$1#onAttained: Started all plugins
2025-06-27 10:11:53.029+0000 [id=256]	INFO	jenkins.InitReactorRunner$1#onAttained: Augmented all extensions
2025-06-27 10:11:53.509+0000 [id=256]	INFO	jenkins.InitReactorRunner$1#onAttained: System config loaded
2025-06-27 10:11:53.510+0000 [id=256]	INFO	jenkins.InitReactorRunner$1#onAttained: System config adapted
2025-06-27 10:11:53.510+0000 [id=256]	INFO	jenkins.InitReactorRunner$1#onAttained: Loaded all jobs
2025-06-27 10:11:53.536+0000 [id=256]	INFO	jenkins.InitReactorRunner$1#onAttained: Configuration for all jobs updated
2025-06-27 10:11:53.857+0000 [id=256]	INFO	jenkins.InitReactorRunner$1#onAttained: Completed initialization
2025-06-27 10:11:53.859+0000 [id=70]	INFO	h.m.UpdateCenter$CompleteBatchJob#run: Completed installation of 88 plugins in 1 min 54 sec
